<?xml version="1.0" encoding="UTF-8"?>
<!-- Generated by org.testng.reporters.JUnitReportReporter -->
<testsuite hostname="DESKTOP-A9JBT3B" name="com.test.record.Update" tests="2" failures="0" timestamp="7 Dec 2017 07:01:24 GMT" time="19.825" errors="0">
  <testcase name="state1" time="13.224" classname="com.test.record.Update"/>
  <testcase name="state2" time="6.601" classname="com.test.record.Update"/>
</testsuite> <!-- com.test.record.Update -->
