<?xml version="1.0" encoding="UTF-8"?>
<!-- Generated by org.testng.reporters.JUnitReportReporter -->
<testsuite hostname="DESKTOP-A9JBT3B" name="com.test.login.LoginTest" tests="1" failures="0" timestamp="30 Nov 2017 07:30:45 GMT" time="7.341" errors="0">
  <testcase name="login" time="7.341" classname="com.test.login.LoginTest"/>
</testsuite> <!-- com.test.login.LoginTest -->
