<?xml version="1.0" encoding="UTF-8"?>
<!-- Generated by org.testng.reporters.JUnitReportReporter -->
<testsuite hostname="DESKTOP-A9JBT3B" name="com.test.paycheck.Tick" tests="2" failures="0" timestamp="7 Dec 2017 07:01:24 GMT" time="29.723" errors="0">
  <testcase name="tick2" time="6.615" classname="com.test.paycheck.Tick"/>
  <testcase name="tick1" time="23.108" classname="com.test.paycheck.Tick"/>
</testsuite> <!-- com.test.paycheck.Tick -->
