<?xml version="1.0" encoding="UTF-8"?>
<!-- Generated by org.testng.reporters.JUnitReportReporter -->
<testsuite hostname="DESKTOP-A9JBT3B" name="com.test.record.Allrecord" tests="2" failures="0" timestamp="7 Dec 2017 07:01:23 GMT" time="29.673" errors="0">
  <testcase name="all1" time="13.187" classname="com.test.record.Allrecord"/>
  <testcase name="all2" time="16.486" classname="com.test.record.Allrecord"/>
</testsuite> <!-- com.test.record.Allrecord -->
