<?xml version="1.0" encoding="UTF-8"?>
<!-- Generated by org.testng.reporters.JUnitReportReporter -->
<testsuite hostname="DESKTOP-A9JBT3B" name="com.test.dailypaper.Allpaper" tests="3" failures="0" timestamp="7 Dec 2017 07:01:24 GMT" time="26.355" errors="0">
  <testcase name="all1" time="13.136" classname="com.test.dailypaper.Allpaper"/>
  <testcase name="all2" time="6.617" classname="com.test.dailypaper.Allpaper"/>
  <testcase name="all3" time="6.602" classname="com.test.dailypaper.Allpaper"/>
</testsuite> <!-- com.test.dailypaper.Allpaper -->
