<?xml version="1.0" encoding="UTF-8"?>
<!-- Generated by org.testng.reporters.JUnitReportReporter -->
<testsuite hostname="DESKTOP-A9JBT3B" name="com.test.fullmemberapply.refresh" tests="1" failures="0" timestamp="27 Nov 2017 08:08:26 GMT" time="17.594" errors="0">
  <testcase name="refresh" time="17.594" classname="com.test.fullmemberapply.refresh"/>
</testsuite> <!-- com.test.fullmemberapply.refresh -->
