<?xml version="1.0" encoding="UTF-8"?>
<!-- Generated by org.testng.reporters.JUnitReportReporter -->
<testsuite hostname="DESKTOP-A9JBT3B" name="com.test.daohang.Click" tests="1" failures="0" timestamp="7 Dec 2017 07:01:24 GMT" time="9.913" errors="0">
  <testcase name="click" time="9.913" classname="com.test.daohang.Click"/>
</testsuite> <!-- com.test.daohang.Click -->
