<?xml version="1.0" encoding="UTF-8"?>
<!-- Generated by org.testng.reporters.JUnitReportReporter -->
<testsuite hostname="DESKTOP-A9JBT3B" name="com.test.login.Login" tests="1" failures="0" timestamp="6 Dec 2017 00:55:09 GMT" time="0.000" errors="0">
  <testcase name="test1" time="0.000" classname="com.test.login.Login"/>
</testsuite> <!-- com.test.login.Login -->
