<?xml version="1.0" encoding="UTF-8"?>
<!-- Generated by org.testng.reporters.JUnitReportReporter -->
<testsuite hostname="DESKTOP-A9JBT3B" name="com.test.dailypaper.Sort" tests="3" failures="0" timestamp="7 Dec 2017 07:01:23 GMT" time="29.741" errors="0">
  <testcase name="sort2" time="6.617" classname="com.test.dailypaper.Sort"/>
  <testcase name="sort3" time="6.603" classname="com.test.dailypaper.Sort"/>
  <testcase name="sort1" time="16.521" classname="com.test.dailypaper.Sort"/>
</testsuite> <!-- com.test.dailypaper.Sort -->
