<?xml version="1.0" encoding="UTF-8"?>
<!-- Generated by org.testng.reporters.JUnitReportReporter -->
<testsuite hostname="DESKTOP-A9JBT3B" name="com.test.dailypaper.Page" tests="1" failures="0" timestamp="7 Dec 2017 07:01:23 GMT" time="23.081" errors="0">
  <testcase name="page" time="23.081" classname="com.test.dailypaper.Page"/>
</testsuite> <!-- com.test.dailypaper.Page -->
