<?xml version="1.0" encoding="UTF-8"?>
<!-- Generated by org.testng.reporters.JUnitReportReporter -->
<testsuite hostname="DESKTOP-A9JBT3B" name="com.test.login.LoginPageTest" tests="1" failures="0" timestamp="7 Dec 2017 07:01:23 GMT" time="6.830" errors="0">
  <testcase name="test" time="6.830" classname="com.test.login.LoginPageTest"/>
</testsuite> <!-- com.test.login.LoginPageTest -->
