<?xml version="1.0" encoding="UTF-8"?>
<!-- Generated by org.testng.reporters.JUnitReportReporter -->
<testsuite hostname="DESKTOP-MM0A1QU" name="com.demo.loginTest.LoginTest" tests="1" failures="0" timestamp="23 Nov 2017 07:34:44 GMT" time="10.091" errors="0">
  <testcase name="test1" time="10.091" classname="com.demo.loginTest.LoginTest"/>
</testsuite> <!-- com.demo.loginTest.LoginTest -->
