<?xml version="1.0" encoding="UTF-8"?>
<!-- Generated by org.testng.reporters.JUnitReportReporter -->
<testsuite hostname="DESKTOP-A9JBT3B" name="com.test.record.Detailsnew" tests="1" failures="0" timestamp="7 Dec 2017 07:01:24 GMT" time="16.633" errors="0">
  <testcase name="details" time="16.633" classname="com.test.record.Detailsnew"/>
</testsuite> <!-- com.test.record.Detailsnew -->
