<?xml version="1.0" encoding="UTF-8"?>
<!-- Generated by org.testng.reporters.JUnitReportReporter -->
<testsuite hostname="DESKTOP-A9JBT3B" name="com.test.daohang.Demo1" tests="1" failures="0" timestamp="5 Dec 2017 07:09:59 GMT" time="6.679" errors="0">
  <testcase name="t1" time="6.679" classname="com.test.daohang.Demo1"/>
</testsuite> <!-- com.test.daohang.Demo1 -->
