<?xml version="1.0" encoding="UTF-8"?>
<!-- Generated by org.testng.reporters.JUnitReportReporter -->
<testsuite hostname="DESKTOP-A9JBT3B" name="com.test.Dailypaperstatistics.month" tests="1" failures="0" timestamp="27 Nov 2017 08:27:09 GMT" time="20.878" errors="0">
  <testcase name="all1" time="20.878" classname="com.test.Dailypaperstatistics.month"/>
</testsuite> <!-- com.test.Dailypaperstatistics.month -->
