<?xml version="1.0" encoding="UTF-8"?>
<!-- Generated by org.testng.reporters.JUnitReportReporter -->
<testsuite hostname="DESKTOP-A9JBT3B" name="com.test.Paycheck.remindnumber" tests="1" failures="0" timestamp="28 Nov 2017 06:25:00 GMT" time="20.850" errors="0">
  <testcase name="tick1" time="20.850" classname="com.test.Paycheck.remindnumber"/>
</testsuite> <!-- com.test.Paycheck.remindnumber -->
