<?xml version="1.0" encoding="UTF-8"?>
<!-- Generated by org.testng.reporters.JUnitReportReporter -->
<testsuite hostname="DESKTOP-A9JBT3B" name="com.test.record.Details" tests="1" failures="0" timestamp="7 Dec 2017 07:01:23 GMT" time="32.709" errors="0">
  <testcase name="details" time="32.709" classname="com.test.record.Details"/>
</testsuite> <!-- com.test.record.Details -->
