<?xml version="1.0" encoding="UTF-8"?>
<!-- Generated by org.testng.reporters.JUnitReportReporter -->
<testsuite hostname="DESKTOP-A9JBT3B" name="com.test.Record.export" tests="2" failures="0" timestamp="27 Nov 2017 06:59:26 GMT" time="24.317" errors="0">
  <testcase name="exportpage" time="3.259" classname="com.test.Record.export"/>
  <testcase name="exportall" time="21.058" classname="com.test.Record.export"/>
</testsuite> <!-- com.test.Record.export -->
