<?xml version="1.0" encoding="UTF-8"?>
<!-- Generated by org.testng.reporters.JUnitReportReporter -->
<testsuite hostname="DESKTOP-A9JBT3B" name="com.test.Dailypaper.export" tests="1" failures="0" timestamp="28 Nov 2017 02:07:10 GMT" time="17.670" errors="0">
  <testcase name="type" time="17.670" classname="com.test.Dailypaper.export"/>
</testsuite> <!-- com.test.Dailypaper.export -->
