<?xml version="1.0" encoding="UTF-8"?>
<!-- Generated by org.testng.reporters.JUnitReportReporter -->
<testsuite hostname="DESKTOP-A9JBT3B" name="com.test.click.click" tests="3" failures="0" timestamp="30 Nov 2017 07:21:45 GMT" time="17.931" errors="0">
  <testcase name="clickRecord" time="3.332" classname="com.test.click.click"/>
  <testcase name="clickRecord2" time="3.329" classname="com.test.click.click"/>
  <testcase name="clickAttendance" time="11.270" classname="com.test.click.click"/>
</testsuite> <!-- com.test.click.click -->
