<?xml version="1.0" encoding="UTF-8"?>
<!-- Generated by org.testng.reporters.JUnitReportReporter -->
<testsuite hostname="DESKTOP-A9JBT3B" name="com.test.dailypaper.SearchDataProviderTest" tests="5" failures="0" timestamp="7 Dec 2017 07:01:23 GMT" time="16.713" errors="0">
  <testcase name="test1" time="3.316" classname="com.test.dailypaper.SearchDataProviderTest"/>
  <testcase name="test1" time="3.301" classname="com.test.dailypaper.SearchDataProviderTest"/>
  <testcase name="test1" time="3.384" classname="com.test.dailypaper.SearchDataProviderTest"/>
  <testcase name="test1" time="3.349" classname="com.test.dailypaper.SearchDataProviderTest"/>
  <testcase name="test1" time="3.363" classname="com.test.dailypaper.SearchDataProviderTest"/>
</testsuite> <!-- com.test.dailypaper.SearchDataProviderTest -->
